This is pdfTeX, Version 3.14159265-2.6-1.40.20 (TeX Live 2019/Arch Linux) (preloaded format=pdflatex 2019.9.7)  11 NOV 2019 14:27
entering extended mode
 restricted \write18 enabled.
 %&-line parsing enabled.
**Trabajo.tex
(./Trabajo.tex
LaTeX2e <2018-12-01>

! LaTeX Error: \usepackage before \documentclass.

See the LaTeX manual or LaTeX Companion for explanation.
Type  H <return>  for immediate help.
 ...                                              
                                                  
l.3 \usepackage[utf8]{
                      inputenc}
? 
(/usr/share/texmf-dist/tex/latex/base/article.cls
Document Class: article 2018/09/03 v1.4i Standard LaTeX document class
(/usr/share/texmf-dist/tex/latex/base/size10.clo
File: size10.clo 2018/09/03 v1.4i Standard LaTeX file (size option)
)
\c@part=\count80
\c@section=\count81
\c@subsection=\count82
\c@subsubsection=\count83
\c@paragraph=\count84
\c@subparagraph=\count85
\c@figure=\count86
\c@table=\count87
\abovecaptionskip=\skip41
\belowcaptionskip=\skip42
\bibindent=\dimen102
) (./Trabajo.aux)
\openout1 = `Trabajo.aux'.

LaTeX Font Info:    Checking defaults for OML/cmm/m/it on input line 14.
LaTeX Font Info:    ... okay on input line 14.
LaTeX Font Info:    Checking defaults for T1/cmr/m/n on input line 14.
LaTeX Font Info:    ... okay on input line 14.
LaTeX Font Info:    Checking defaults for OT1/cmr/m/n on input line 14.
LaTeX Font Info:    ... okay on input line 14.
LaTeX Font Info:    Checking defaults for OMS/cmsy/m/n on input line 14.
LaTeX Font Info:    ... okay on input line 14.
LaTeX Font Info:    Checking defaults for OMX/cmex/m/n on input line 14.
LaTeX Font Info:    ... okay on input line 14.
LaTeX Font Info:    Checking defaults for U/cmr/m/n on input line 14.
LaTeX Font Info:    ... okay on input line 14.
LaTeX Font Info:    External font `cmex10' loaded for size
(Font)              <12> on input line 18.
LaTeX Font Info:    External font `cmex10' loaded for size
(Font)              <8> on input line 18.
LaTeX Font Info:    External font `cmex10' loaded for size
(Font)              <6> on input line 18.
 [1

{/var/lib/texmf/fonts/map/pdftex/updmap/pdftex.map}] (./Trabajo.toc)
\tf@toc=\write3
\openout3 = `Trabajo.toc'.

 [2]

! LaTeX Error: \begin{document} ended by \end{Motivacion}.

See the LaTeX manual or LaTeX Companion for explanation.
Type  H <return>  for immediate help.
 ...                                              
                                                  
l.32 \end{Motivacion}
                     
? 
! Extra \endgroup.
<recently read> \endgroup 
                          
l.32 \end{Motivacion}
                     
? 
[3]
! Missing \endcsname inserted.
<to be read again> 
                   \unhbox 
l.38 \end{Especificación del hardware usado}
                                             
? 
! Extra \endcsname.
\end #1->\csname end#1\endcsname 
                                 \@checkend {#1}\expandafter \endgroup \if@e...
l.38 \end{Especificación del hardware usado}
                                             
? 

! LaTeX Error: \begin{document} ended by \end{Especificaci\IeC {\'o}n del hardw
are usado}.

See the LaTeX manual or LaTeX Companion for explanation.
Type  H <return>  for immediate help.
 ...                                              
                                                  
l.38 \end{Especificación del hardware usado}
                                             
? 
! Extra \endgroup.
<recently read> \endgroup 
                          
l.38 \end{Especificación del hardware usado}
                                             
? 
! Missing \endcsname inserted.
<to be read again> 
                   \unhbox 
l.43 \end{Instalación básica del servidor}
                                            
? 
! Extra \endcsname.
\end #1->\csname end#1\endcsname 
                                 \@checkend {#1}\expandafter \endgroup \if@e...
l.43 \end{Instalación básica del servidor}
                                            
? 

! LaTeX Error: \begin{document} ended by \end{Instalaci\IeC {\'o}n b\IeC {\'a}s
ica del servidor}.

See the LaTeX manual or LaTeX Companion for explanation.
Type  H <return>  for immediate help.
 ...                                              
                                                  
l.43 \end{Instalación básica del servidor}
                                            
? 
! Extra \endgroup.
<recently read> \endgroup 
                          
l.43 \end{Instalación básica del servidor}
                                            
? 
! Missing \endcsname inserted.
<to be read again> 
                   \unhbox 
l.48 ... de Redes en la instalación del servidor}
                                                  
? 
! Extra \endcsname.
\end #1->\csname end#1\endcsname 
                                 \@checkend {#1}\expandafter \endgroup \if@e...
l.48 ... de Redes en la instalación del servidor}
                                                  
? 

! LaTeX Error: \begin{document} ended by \end{Aspectos de Redes en la instalaci
\IeC {\'o}n del servidor}.

See the LaTeX manual or LaTeX Companion for explanation.
Type  H <return>  for immediate help.
 ...                                              
                                                  
l.48 ... de Redes en la instalación del servidor}
                                                  
? 
! Extra \endgroup.
<recently read> \endgroup 
                          
l.48 ... de Redes en la instalación del servidor}
                                                  
? 
! Missing \endcsname inserted.
<to be read again> 
                   \unhbox 
l.53 \end{Instalación de Nextcloud}
                                    
? 
! Extra \endcsname.
\end #1->\csname end#1\endcsname 
                                 \@checkend {#1}\expandafter \endgroup \if@e...
l.53 \end{Instalación de Nextcloud}
                                    
? 

! LaTeX Error: \begin{document} ended by \end{Instalaci\IeC {\'o}n de Nextcloud
}.

See the LaTeX manual or LaTeX Companion for explanation.
Type  H <return>  for immediate help.
 ...                                              
                                                  
l.53 \end{Instalación de Nextcloud}
                                    
? 
! Extra \endgroup.
<recently read> \endgroup 
                          
l.53 \end{Instalación de Nextcloud}
                                    
? 
! Missing \endcsname inserted.
<to be read again> 
                   \unhbox 
l.58 \end{Uso básico de Nextcloud}
                                   
? 
! Extra \endcsname.
\end #1->\csname end#1\endcsname 
                                 \@checkend {#1}\expandafter \endgroup \if@e...
l.58 \end{Uso básico de Nextcloud}
                                   
? 

! LaTeX Error: \begin{document} ended by \end{Uso b\IeC {\'a}sico de Nextcloud}
.

See the LaTeX manual or LaTeX Companion for explanation.
Type  H <return>  for immediate help.
 ...                                              
                                                  
l.58 \end{Uso básico de Nextcloud}
                                   
? 
! Extra \endgroup.
<recently read> \endgroup 
                          
l.58 \end{Uso básico de Nextcloud}
                                   
? 
! Missing \endcsname inserted.
<to be read again> 
                   \unhbox 
l.63 \end{Análisis del sistema}
                                
? 
! Extra \endcsname.
\end #1->\csname end#1\endcsname 
                                 \@checkend {#1}\expandafter \endgroup \if@e...
l.63 \end{Análisis del sistema}
                                
? 

! LaTeX Error: \begin{document} ended by \end{An\IeC {\'a}lisis del sistema}.

See the LaTeX manual or LaTeX Companion for explanation.
Type  H <return>  for immediate help.
 ...                                              
                                                  
l.63 \end{Análisis del sistema}
                                
? 
! Extra \endgroup.
<recently read> \endgroup 
                          
l.63 \end{Análisis del sistema}
                                
? 
[4] (./Trabajo.aux) ) 
Here is how much of TeX's memory you used:
 242 strings out of 492623
 2573 string characters out of 6135670
 60603 words of memory out of 5000000
 4227 multiletter control sequences out of 15000+600000
 7588 words of font info for 27 fonts, out of 8000000 for 9000
 1141 hyphenation exceptions out of 8191
 23i,7n,18p,461b,197s stack positions out of 5000i,500n,10000p,200000b,80000s
</usr/share/texmf-dist/fonts/type1/public/amsfonts/cm/cmbx
10.pfb></usr/share/texmf-dist/fonts/type1/public/amsfonts/cm/cmbx12.pfb></usr/s
hare/texmf-dist/fonts/type1/public/amsfonts/cm/cmr10.pfb></usr/share/texmf-dist
/fonts/type1/public/amsfonts/cm/cmr12.pfb></usr/share/texmf-dist/fonts/type1/pu
blic/amsfonts/cm/cmr17.pfb>
Output written on Trabajo.pdf (4 pages, 71061 bytes).
PDF statistics:
 37 PDF objects out of 1000 (max. 8388607)
 25 compressed objects within 1 object stream
 0 named destinations out of 1000 (max. 500000)
 1 words of extra memory for PDF output out of 10000 (max. 10000000)

